Removed Pin From Net: NetName=VBAT Pin=J14-3
Removed Pin From Net: NetName=GND Pin=J14-16
Change Component Designator: OldDesignator=J? NewDesignator=J6
Added Pin To Net: NetName=GND Pin=J14-1
Added Pin To Net: NetName=VBAT Pin=J14-14
Change Net Name : Old Net Name=ESC_T1_3 New Net Name=NetR30_2
Change Net Name : Old Net Name=ESC_T8_2 New Net Name=NetR36_2
Change Net Name : Old Net Name=ESC_TEL_RX New Net Name=NetR28_2
Added Pin To Net: NetName=NetJ14_2 Pin=J14-2
Added Pin To Net: NetName=NetJ14_2 Pin=R36-1
Added Net: Name=NetJ14_2
Added Pin To Net: NetName=NetJ14_3 Pin=J14-3
Added Pin To Net: NetName=NetJ14_3 Pin=R31-1
Added Net: Name=NetJ14_3
Added Pin To Net: NetName=NetJ14_6 Pin=J14-6
Added Pin To Net: NetName=NetJ14_6 Pin=R35-1
Added Net: Name=NetJ14_6
Added Pin To Net: NetName=NetJ14_7 Pin=J14-7
Added Pin To Net: NetName=NetJ14_7 Pin=R30-1
Added Net: Name=NetJ14_7
Added Pin To Net: NetName=NetJ14_10 Pin=J14-10
Added Pin To Net: NetName=NetJ14_10 Pin=R34-1
Added Net: Name=NetJ14_10
Added Pin To Net: NetName=NetJ14_11 Pin=J14-11
Added Pin To Net: NetName=NetJ14_11 Pin=R29-1
Added Net: Name=NetJ14_11
Added Pin To Net: NetName=NetJ14_15 Pin=J14-15
Added Pin To Net: NetName=NetJ14_15 Pin=R28-1
Added Net: Name=NetJ14_15
Added Pin To Net: NetName=NetJ14_16 Pin=J14-16
Added Pin To Net: NetName=NetJ14_16 Pin=R33-1
Added Net: Name=NetJ14_16
Added Rule: Name=Schematic Supply Nets
Added Rule: Name=Schematic Supply Nets_1
Added Rule: Name=Schematic Supply Nets_2
Added Rule: Name=Schematic Supply Nets_3
Added Rule: Name=Schematic Supply Nets_4
