Removed Member From Class: ClassName=FC_Main Member=D5
Removed Member From Class: ClassName=FC_Main Member=R22
Removed Member From Class: ClassName=FC_Main Member=R49
Removed Member From Class: ClassName=FC_Sheet2 Member=R51
Change Component Designator: OldDesignator=C4 NewDesignator=C6
Change Component Designator: OldDesignator=C5 NewDesignator=C7
Change Component Designator: OldDesignator=C6 NewDesignator=C4
Change Component Designator: OldDesignator=C7 NewDesignator=C5
Change Component Designator: OldDesignator=C8 NewDesignator=C9
Change Component Designator: OldDesignator=C9 NewDesignator=C8
Change Component Designator: OldDesignator=C19 NewDesignator=C24
Change Component Designator: OldDesignator=C20 NewDesignator=C25
Change Component Designator: OldDesignator=C21 NewDesignator=C26
Change Component Designator: OldDesignator=C22 NewDesignator=C27
Change Component Designator: OldDesignator=C23 NewDesignator=C22
Change Component Designator: OldDesignator=C24 NewDesignator=C23
Change Component Designator: OldDesignator=C25 NewDesignator=C19
Change Component Designator: OldDesignator=C26 NewDesignator=C20
Change Component Designator: OldDesignator=C27 NewDesignator=C21
Change Component Designator: OldDesignator=D1 NewDesignator=D3
Change Component Designator: OldDesignator=D2 NewDesignator=D4
Change Component Designator: OldDesignator=D3 NewDesignator=D6
Change Component Designator: OldDesignator=D5 NewDesignator=D1
Change Component Designator: OldDesignator=D6 NewDesignator=D5
Change Component Designator: OldDesignator=J1 NewDesignator=J2
Change Component Designator: OldDesignator=J1 NewDesignator=J4
Change Component Designator: OldDesignator=J2 NewDesignator=J3
Change Component Designator: OldDesignator=J3 NewDesignator=J8
Change Component Designator: OldDesignator=J4 NewDesignator=J5
Change Component Designator: OldDesignator=J5 NewDesignator=J6
Change Component Designator: OldDesignator=J6 NewDesignator=J1
Change Component Designator: OldDesignator=J8 NewDesignator=J9
Change Component Designator: OldDesignator=J9 NewDesignator=J12
Change Component Designator: OldDesignator=J10 NewDesignator=J11
Change Component Designator: OldDesignator=J11 NewDesignator=J10
Change Component Designator: OldDesignator=J12 NewDesignator=J13
Change Component Designator: OldDesignator=J13 NewDesignator=J20
Change Component Designator: OldDesignator=J14 NewDesignator=J21
Change Component Designator: OldDesignator=J15 NewDesignator=J14
Change Component Designator: OldDesignator=J16 NewDesignator=J15
Change Component Designator: OldDesignator=J17 NewDesignator=J16
Change Component Designator: OldDesignator=J18 NewDesignator=J17
Change Component Designator: OldDesignator=J19 NewDesignator=J18
Change Component Designator: OldDesignator=J20 NewDesignator=J19
Change Component Designator: OldDesignator=R1 NewDesignator=R3
Change Component Designator: OldDesignator=R2 NewDesignator=R8
Change Component Designator: OldDesignator=R3 NewDesignator=R1
Change Component Designator: OldDesignator=R4 NewDesignator=R10
Change Component Designator: OldDesignator=R5 NewDesignator=R4
Change Component Designator: OldDesignator=R6 NewDesignator=R2
Change Component Designator: OldDesignator=R7 NewDesignator=R5
Change Component Designator: OldDesignator=R8 NewDesignator=R6
Change Component Designator: OldDesignator=R9 NewDesignator=R7
Change Component Designator: OldDesignator=R10 NewDesignator=R9
Change Component Designator: OldDesignator=R11 NewDesignator=R16
Change Component Designator: OldDesignator=R12 NewDesignator=R17
Change Component Designator: OldDesignator=R13 NewDesignator=R11
Change Component Designator: OldDesignator=R14 NewDesignator=R12
Change Component Designator: OldDesignator=R15 NewDesignator=R13
Change Component Designator: OldDesignator=R18 NewDesignator=R14
Change Component Designator: OldDesignator=R19 NewDesignator=R15
Change Component Designator: OldDesignator=R20 NewDesignator=R21
Change Component Designator: OldDesignator=R21 NewDesignator=R24
Change Component Designator: OldDesignator=R22 NewDesignator=R18
Change Component Designator: OldDesignator=R23 NewDesignator=R26
Change Component Designator: OldDesignator=R24 NewDesignator=R27
Change Component Designator: OldDesignator=R25 NewDesignator=R28
Change Component Designator: OldDesignator=R26 NewDesignator=R29
Change Component Designator: OldDesignator=R27 NewDesignator=R30
Change Component Designator: OldDesignator=R28 NewDesignator=R35
Change Component Designator: OldDesignator=R29 NewDesignator=R36
Change Component Designator: OldDesignator=R30 NewDesignator=R37
Change Component Designator: OldDesignator=R31 NewDesignator=R38
Change Component Designator: OldDesignator=R32 NewDesignator=R31
Change Component Designator: OldDesignator=R33 NewDesignator=R45
Change Component Designator: OldDesignator=R34 NewDesignator=R42
Change Component Designator: OldDesignator=R35 NewDesignator=R43
Change Component Designator: OldDesignator=R36 NewDesignator=R44
Change Component Designator: OldDesignator=R37 NewDesignator=R22
Change Component Designator: OldDesignator=R38 NewDesignator=R23
Change Component Designator: OldDesignator=R39 NewDesignator=R32
Change Component Designator: OldDesignator=R40 NewDesignator=R33
Change Component Designator: OldDesignator=R41 NewDesignator=R34
Change Component Designator: OldDesignator=R42 NewDesignator=R39
Change Component Designator: OldDesignator=R43 NewDesignator=R40
Change Component Designator: OldDesignator=R44 NewDesignator=R41
Change Component Designator: OldDesignator=R45 NewDesignator=R46
Change Component Designator: OldDesignator=R46 NewDesignator=R47
Change Component Designator: OldDesignator=R47 NewDesignator=R48
Change Component Designator: OldDesignator=R48 NewDesignator=R49
Change Component Designator: OldDesignator=R49 NewDesignator=R19
Change Component Designator: OldDesignator=R50 NewDesignator=R20
Change Component Designator: OldDesignator=R51 NewDesignator=R25
Added Component: Designator=D2(TVS_PTVS5V0S1UR)
Add component (AddParameter): Name = "Availability"; Value = "In Stock"; VariantName = "[No Variations]"
Add component (AddParameter): Name = "Case/Package"; Value = "SOD-123 Nexperia USA"; VariantName = "[No Variations]"
Add component (AddParameter): Name = "Check_prices"; Value = "https://www.snapeda.com/parts/PTVS5V0S1UR/Nexperia/view-part/?ref=eda"; VariantName = "[No Variations]"
Add component (AddParameter): Name = "Component Type"; Value = "Standard"; VariantName = "[No Variations]"
Add component (AddParameter): Name = "Design Item ID"; Value = "PTVS5V0S1UR"; VariantName = "[No Variations]"
Add component (AddParameter): Name = "MF"; Value = "Nexperia USA"; VariantName = "[No Variations]"
Add component (AddParameter): Name = "MP"; Value = "PTVS5V0S1UR"; VariantName = "[No Variations]"
Add component (AddParameter): Name = "Pins"; Value = "2"; VariantName = "[No Variations]"
Add component (AddParameter): Name = "Price"; Value = "None"; VariantName = "[No Variations]"
Add component (AddParameter): Name = "Purchase-URL"; Value = "https://pricing.snapeda.com/search/part/PTVS5V0S1UR/?ref=eda"; VariantName = "[No Variations]"
Add component (AddParameter): Name = "SnapEDA_Link"; Value = "https://www.snapeda.com/parts/PTVS5V0S1UR/Nexperia/view-part/?ref=snap"; VariantName = "[No Variations]"
Add component (AddParameter): Name = "Source"; Value = "PTVS5V0S1UR.SchLib"; VariantName = "[No Variations]"
Add component (AddParameter): Name = "Value"; Value = ""; VariantName = "[No Variations]"
Added Pin To Net: NetName=GND Pin=D2-A
Added Pin To Net: NetName=VBAT Pin=D2-C
Change Net Name : Old Net Name=NetJ14_2 New Net Name=NetJ21_2
Change Net Name : Old Net Name=NetJ14_3 New Net Name=NetJ21_3
Change Net Name : Old Net Name=NetJ14_6 New Net Name=NetJ21_6
Change Net Name : Old Net Name=NetJ14_7 New Net Name=NetJ21_7
Change Net Name : Old Net Name=NetJ14_10 New Net Name=NetJ21_10
Change Net Name : Old Net Name=NetJ14_11 New Net Name=NetJ21_11
Change Net Name : Old Net Name=NetJ14_15 New Net Name=NetJ21_15
Change Net Name : Old Net Name=NetJ14_16 New Net Name=NetJ21_16
Added Member To Class: ClassName=FC_Main Member=Component D2 PTVS5V0S1UR
Added Member To Class: ClassName=FC_Main Member=Component D3 ESD2CAN24DCKRQ1
Added Member To Class: ClassName=FC_Main Member=Component J13 3x2mm Pad
Added Member To Class: ClassName=FC_Main Member=Component R16 4D7KR2F
Added Member To Class: ClassName=FC_Main Member=Component R17 4D7KR2F
Added Member To Class: ClassName=FC_Sheet2 Member=Component R49 Resistor 22 +/-1 % 0402 63 mW
